DEBUG: Debug mode enabled
DEBUG: Fetching all pages - Request URL: https://api.notion.com/v1/search
DEBUG: Request body: {
  "filter": {
    "property": "object",
    "value": "page"
  },
  "page_size": 100
}
DEBUG: Fetch all pages response: {"object":"list","results":[{"object":"page","id":"2372af45-1b3c-8092-9abf-c53fdaa19dcb","created_time":"2025-07-21T11:25:00.000Z","last_edited_time":"2025-07-26T13:32:00.000Z","created_by":{"object":"user","id":"c6329e98-4080-4e8b-81b1-8d5065d21928"},"last_edited_by":{"object":"user","id":"c6329e98-4080-4e8b-81b1-8d5065d21928"},"cover":null,"icon":null,"parent":{"type":"page_id","page_id":"2092af45-1b3c-80aa-8aee-cc3ff024effb"},"archived":false,"in_trash":false,"properties":{"title":{"id":"title","type":"title","title":[{"type":"text","text":{"content":"数学","link":null},"annotations":{"bold":false,"italic":false,"strikethrough":false,"underline":false,"code":false,"color":"default"},"plain_text":"数学","href":null}]}},"url":"https://www.notion.so/2372af451b3c80929abfc53fdaa19dcb","public_url":null}],"next_cursor":null,"has_more":false,"type":"page_or_database","page_or_database":{},"request_id":"eeb78091-0757-4d7a-beed-6b3e64a16d96"}
Found 1 pages to import
DEBUG: Processing page: 2372af45-1b3c-8092-9abf-c53fdaa19dcb
DEBUG: Fetching page blocks: https://api.notion.com/v1/blocks/2372af45-1b3c-8092-9abf-c53fdaa19dcb/children?page_size=100
DEBUG: Total parsed flashcards: 1
DEBUG: Adding note to Anki: {
  "action": "addNote",
  "params": {
    "note": {
      "deckName": "Notion Import",
      "fields": {
        "Back": "两个整数的乘积 = 最大公约数*最小公倍数",
        "Front": "两个整数和公倍数/公约数的关系"
      },
      "modelName": "Basic"
    }
  },
  "version": 6
}
DEBUG: Anki-Connect raw response: {"result": null, "error": "model was not found: Basic"}
DEBUG: Anki-Connect parsed response: {
  "error": "model was not found: Basic",
  "result": null
}
Successfully imported 0 flashcards to Anki
